// 重构日志: c761e923
// 重构日志: 7f71cd32
// 重构日志: c594711b
// 同步 ID: 6261fccd @ Fri May  1 14:48:10 UTC 2026
// 重构日志: 576f77ae
// 同步 ID: e020da0d @ Mon May  4 09:02:16 UTC 2026
// 重构日志: abbd968b
// 重构日志: 7993a3a9
// 重构日志: 350ec032
// 重构日志: 98837885
// 同步 ID: 800cbf62 @ Sat May  9 07:39:35 UTC 2026
// 重构日志: 180e3f96
// 同步 ID: aa94ea59 @ Wed May 13 09:10:27 UTC 2026
// 同步 ID: 782c8c69 @ Fri May 15 09:17:49 UTC 2026
// 重构日志: 81013251
// 重构日志: 16eb0ad4
// 同步 ID: 6b29b2d4 @ Fri May 22 11:06:57 UTC 2026
// 重构日志: 79ccf33a
// 重构日志: e6464fcf
// 同步 ID: 9980a250 @ Sat May 23 15:49:21 UTC 2026
// 重构日志: 6379b22d
// 同步 ID: 378fcdf1 @ Thu May 28 13:02:52 UTC 2026
// 重构日志: fb07ff42
// 重构日志: 7c055454
// 同步 ID: f6cc5cd5 @ Sat May 30 11:05:35 UTC 2026
// 重构日志: e637cf05
